Charm++: standalone mode (not using charmrun)
Charm++> Running in Multicore mode:  3 threads
Charm++> Using recursive bisection (scheme 3) for topology aware partitions
Converse/Charm++ Commit ID: v6.8.2-0-g26d4bd8-namd-charm-6.8.2-build-2018-Jan-11-30463
Warning> Randomization of virtual memory (ASLR) is turned on in the kernel, thread migration may not work! Run 'echo 0 > /proc/sys/kernel/randomize_va_space' as root to disable it, or try running with '+isomalloc_sync'.
CharmLB> Load balancer assumes all CPUs are same.
Charm++> Running on 1 unique compute nodes (4-way SMP).
Charm++> cpu topology info is gathered in 0.001 seconds.
Info: NAMD 2.13 for Linux-x86_64-multicore
Info: 
Info: Please visit http://www.ks.uiuc.edu/Research/namd/
Info: for updates, documentation, and support information.
Info: 
Info: Please cite Phillips et al., J. Comp. Chem. 26:1781-1802 (2005)
Info: in all publications reporting results obtained with NAMD.
Info: 
Info: Based on Charm++/Converse 60800 for multicore-linux64-iccstatic
Info: Built Fri Nov 9 14:39:16 CST 2018 by jim on ganymede.ks.uiuc.edu
Info: 1 NAMD  2.13  Linux-x86_64-multicore  3    feng-EP43T-S3L  feng
Info: Running on 3 processors, 1 nodes, 1 physical nodes.
Info: CPU topology information available.
Info: Charm++/Converse parallel runtime startup completed at 0.00540185 s
CkLoopLib is used in SMP with a simple dynamic scheduling (converse-level notification) but not using node-level queue
Info: 193.543 MB of memory in use based on /proc/self/stat
Info: Configuration file is ligand.conf
Info: Working in the current directory /home/feng/workdir/MolAICal/mpro/mmgbsa
TCL: Suspending until startup complete.
Info: SIMULATION PARAMETERS:
Info: TIMESTEP               1
Info: NUMBER OF STEPS        0
Info: STEPS PER CYCLE        20
Info: LOAD BALANCER  Centralized
Info: LOAD BALANCING STRATEGY  New Load Balancers -- DEFAULT
Info: LDB PERIOD             4000 steps
Info: FIRST LDB TIMESTEP     100
Info: LAST LDB TIMESTEP     -1
Info: LDB BACKGROUND SCALING 1
Info: HOM BACKGROUND SCALING 1
Info: MIN ATOMS PER PATCH    40
Info: INITIAL TEMPERATURE    310
Info: CENTER OF MASS MOVING INITIALLY? NO
Info: DIELECTRIC             1
Info: EXCLUDE                SCALED ONE-FOUR
Info: 1-4 ELECTROSTATICS SCALED BY 1
Info: MODIFIED 1-4 VDW PARAMETERS WILL BE USED
Info: NO DCD TRAJECTORY OUTPUT
Info: NO EXTENDED SYSTEM TRAJECTORY OUTPUT
Info: NO VELOCITY DCD OUTPUT
Info: NO FORCE DCD OUTPUT
Info: OUTPUT FILENAME        lig
Info: BINARY OUTPUT FILES WILL BE USED
Info: NO RESTART FILE
Info: SWITCHING ACTIVE
Info: SWITCHING ON           15
Info: SWITCHING OFF          16
Info: PAIRLIST DISTANCE      18
Info: PAIRLIST SHRINK RATE   0.01
Info: PAIRLIST GROW RATE     0.01
Info: PAIRLIST TRIGGER       0.3
Info: PAIRLISTS PER CYCLE    2
Info: PAIRLISTS ENABLED
Info: MARGIN                 0
Info: HYDROGEN GROUP CUTOFF  2.5
Info: PATCH DIMENSION        20.5
Info: CROSSTERM ENERGY INCLUDED IN DIHEDRAL
Info: TIMING OUTPUT STEPS    100
Info: GBIS GENERALIZED BORN IMPLICIT SOLVENT ACTIVE
Info: GBIS SOLVENT DIELECTRIC: 78.5
Info: GBIS PROTEIN DIELECTRIC: 1
Info: GBIS COULOMB RADIUS OFFSET: 0.09 Ang
Info: GBIS ION CONCENTRATION: 0.3 M
Info: GBIS DEBYE SCREENING LENGTH: 5.66311 Ang
Info: GBIS DELTA: 1
Info: GBIS BETA: 0.8
Info: GBIS GAMMA: 4.85
Info: GBIS BORN RADIUS CUTOFF: 15 Ang
Info: GBIS MAX BORN RADIUS: 30 Ang
Info: SASA SURFACE TENSION: 0.0072 kcal/mol/Ang^2
Info: LANGEVIN DYNAMICS ACTIVE
Info: LANGEVIN TEMPERATURE   310
Info: LANGEVIN USING BBK INTEGRATOR
Info: LANGEVIN DAMPING COEFFICIENT IS 1 INVERSE PS
Info: LANGEVIN DYNAMICS APPLIED TO HYDROGENS
Info: FULL ELECTROSTATIC EVALUATION FREQUENCY      4
Info: USING VERLET I (r-RESPA) MTS SCHEME.
Info: C1 SPLITTING OF LONG RANGE ELECTROSTATICS
Info: PLACING ATOMS IN PATCHES BY HYDROGEN GROUPS
Info: RIGID BONDS TO HYDROGEN : ALL
Info:         ERROR TOLERANCE : 1e-08
Info:          MAX ITERATIONS : 100
Info: RIGID WATER USING SETTLE ALGORITHM
Info: NONBONDED FORCES EVALUATED EVERY 2 STEPS
Info: RANDOM NUMBER SEED     1586270019
Info: USE HYDROGEN BONDS?    NO
Info: COORDINATE PDB         ligand.pdb
Info: STRUCTURE FILE         ligand.psf
Info: PARAMETER file: CHARMM format! 
Info: PARAMETERS             par_all36_prot.prm
Info: PARAMETERS             par_all36_cgenff.prm
Info: PARAMETERS             ligand.str
Info: PARAMETERS             toppar_water_ions.str
Info: USING ARITHMETIC MEAN TO COMBINE L-J SIGMA PARAMETERS
Info: SKIPPING rtf SECTION IN STREAM FILE
Info: SUMMARY OF PARAMETERS:
Info: 664 BONDS
Info: 2020 ANGLES
Info: 4889 DIHEDRAL
Info: 164 IMPROPER
Info: 6 CROSSTERM
Info: 227 VDW
Info: 51 VDW_PAIRS
Info: 0 NBTHOLE_PAIRS
Info: TIME FOR READING PSF FILE: 0.012707
Info: Reading pdb file ligand.pdb
Info: TIME FOR READING PDB FILE: 0.000228882
Info: 
Info: ****************************
Info: STRUCTURE SUMMARY:
Info: 99 ATOMS
Info: 101 BONDS
Info: 181 ANGLES
Info: 262 DIHEDRALS
Info: 5 IMPROPERS
Info: 0 CROSSTERMS
Info: 0 EXCLUSIONS
Info: 50 RIGID BONDS
Info: 247 DEGREES OF FREEDOM
Info: 49 HYDROGEN GROUPS
Info: 4 ATOMS IN LARGEST HYDROGEN GROUP
Info: 49 MIGRATION GROUPS
Info: 4 ATOMS IN LARGEST MIGRATION GROUP
Info: TOTAL MASS = 682.822 amu
Info: TOTAL CHARGE = 6.51926e-08 e
Info: *****************************
Info: 
Info: Entering startup at 0.284632 s, 208.031 MB of memory in use
Info: Startup phase 0 took 0.000154018 s, 208.031 MB of memory in use
Info: ADDED 531 IMPLICIT EXCLUSIONS
Info: Startup phase 1 took 0.00117397 s, 208.422 MB of memory in use
Info: NONBONDED TABLE R-SQUARED SPACING: 0.0625
Info: NONBONDED TABLE SIZE: 833 POINTS
Info: ABSOLUTE IMPRECISION IN FAST TABLE ENERGY: 1.69737e-21 AT 15.998
Info: RELATIVE IMPRECISION IN FAST TABLE ENERGY: 1.15678e-16 AT 15.998
Info: ABSOLUTE IMPRECISION IN FAST TABLE FORCE: 8.47033e-22 AT 15.998
Info: RELATIVE IMPRECISION IN FAST TABLE FORCE: 1.14081e-16 AT 15.998
Info: INCONSISTENCY IN FAST TABLE ENERGY VS FORCE: 0.000290362 AT 0.251946
Info: ABSOLUTE IMPRECISION IN VDWA TABLE ENERGY: 4.93038e-32 AT 15.8094
Info: RELATIVE IMPRECISION IN VDWA TABLE ENERGY: 5.2087e-16 AT 15.8725
Info: INCONSISTENCY IN VDWA TABLE ENERGY VS FORCE: 0.0167626 AT 14.9979
Info: ABSOLUTE IMPRECISION IN VDWB TABLE ENERGY: 2.38299e-26 AT 15.998
Info: RELATIVE IMPRECISION IN VDWB TABLE ENERGY: 7.97241e-18 AT 15.998
Info: INCONSISTENCY IN VDWB TABLE ENERGY VS FORCE: 0.0678971 AT 14.9979
Info: Startup phase 2 took 0.00329685 s, 210.113 MB of memory in use
Info: Startup phase 3 took 0.000147104 s, 210.113 MB of memory in use
Info: Startup phase 4 took 0.000114918 s, 210.113 MB of memory in use
Info: Startup phase 5 took 0.00011301 s, 210.113 MB of memory in use
Info: ORIGINAL ATOMS MINMAX IS -15.185 0.808 62.47  -4.159 22.247 74.653
Info: ADJUSTED ATOMS MINMAX IS -14.2639 3.11875 63.6404  -6.88513 20.7212 74.1466
Info: PATCH GRID IS 2 BY 1 BY 1
Info: PATCH GRID IS 1-AWAY BY 1-AWAY BY 1-AWAY
Info: REMOVING COM VELOCITY -0.108564 -0.682068 0.88405
Info: LARGEST PATCH (0) HAS 59 ATOMS
Info: TORUS A SIZE 1 USING 0
Info: TORUS B SIZE 1 USING 0
Info: TORUS C SIZE 1 USING 0
Info: TORUS MINIMAL MESH SIZE IS 1 BY 1 BY 1
Info: Placed 100% of base nodes on same physical node as patch
Info: Startup phase 6 took 0.000362158 s, 210.113 MB of memory in use
Info: Startup phase 7 took 0.000112772 s, 210.113 MB of memory in use
Info: Startup phase 8 took 0.000111103 s, 210.113 MB of memory in use
Info: Startup phase 9 took 0.000111103 s, 210.113 MB of memory in use
Info: Startup phase 10 took 0.000110865 s, 210.113 MB of memory in use
Info: Startup phase 11 took 0.000168085 s, 210.113 MB of memory in use
LDB: Central LB being created...
Info: Startup phase 12 took 0.000138044 s, 210.113 MB of memory in use
Info: CREATING 25 COMPUTE OBJECTS
Info: useSync: 0 useProxySync: 0
Info: Startup phase 13 took 0.000928879 s, 210.113 MB of memory in use
Info: Startup phase 14 took 0.000148058 s, 210.113 MB of memory in use
Info: Startup phase 15 took 9.29832e-05 s, 210.328 MB of memory in use
Info: Finished startup at 0.291916 s, 210.328 MB of memory in use

dcdplugin) detected standard 32-bit DCD file of native endianness
dcdplugin) CHARMM format DCD file (also NAMD 2.1 and later)
Info: Coordinate file ligand.dcd opened for reading.
Info: Reading timestep from file.
Info: Updating unit cell from timestep.
Warning: Cell basis vectors should be specified before reading trajectory.
Info: REMOVING COM VELOCITY -0.108564 -0.682068 0.88405
TCL: Setting parameter firstTimestep to 0
TCL: Running for 0 steps
ETITLE:      TS           BOND          ANGLE          DIHED          IMPRP               ELECT            VDW       BOUNDARY           MISC        KINETIC               TOTAL           TEMP      POTENTIAL         TOTAL3        TEMPAVG

ENERGY:       0        18.7480        54.3073        35.8506         0.9527            -55.8586         4.0858         0.0000         0.0000        67.3294            125.4153       274.3457        58.0859       125.6607       274.3457

Info: Reading timestep from file.
Info: Updating unit cell from timestep.
Warning: Cell basis vectors should be specified before reading trajectory.
Info: REMOVING COM VELOCITY -0.108564 -0.682068 0.88405
TCL: Setting parameter firstTimestep to 1
TCL: Running for 0 steps
ENERGY:       1        15.9587        42.4242        38.4545         0.9766            -56.0130        10.6139         0.0000         0.0000        75.7961            128.2111       308.8450        52.4149       128.4387       308.8450

Info: Reading timestep from file.
Info: Updating unit cell from timestep.
Warning: Cell basis vectors should be specified before reading trajectory.
Info: REMOVING COM VELOCITY -0.108564 -0.682068 0.88405
TCL: Setting parameter firstTimestep to 2
TCL: Running for 0 steps
ENERGY:       2        14.2592        46.0851        39.7845         1.5866            -57.8046         4.6531         0.0000         0.0000        77.4296            125.9936       315.5008        48.5640       126.3417       315.5008

Info: Reading timestep from file.
Info: Updating unit cell from timestep.
Warning: Cell basis vectors should be specified before reading trajectory.
Info: REMOVING COM VELOCITY -0.108564 -0.682068 0.88405
TCL: Setting parameter firstTimestep to 3
TCL: Running for 0 steps
ENERGY:       3        17.8755        53.8823        35.8709         0.2022            -45.1075         0.7284         0.0000         0.0000        79.0949            142.5467       322.2863        63.4518       142.6957       322.2863

Info: Reading timestep from file.
Info: Updating unit cell from timestep.
Warning: Cell basis vectors should be specified before reading trajectory.
Info: REMOVING COM VELOCITY -0.108564 -0.682068 0.88405
TCL: Setting parameter firstTimestep to 4
TCL: Running for 0 steps
ENERGY:       4        18.6428        43.3434        39.7445         1.1480            -54.1228         2.3366         0.0000         0.0000        77.5092            128.6018       315.8252        51.0926       128.8654       315.8252

Info: Reading timestep from file.
Info: Updating unit cell from timestep.
Warning: Cell basis vectors should be specified before reading trajectory.
Info: REMOVING COM VELOCITY -0.108564 -0.682068 0.88405
TCL: Setting parameter firstTimestep to 5
TCL: Running for 0 steps
ENERGY:       5        27.5800        55.4582        36.6265         2.8863            -57.3582        -0.2180         0.0000         0.0000        77.5142            142.4890       315.8455        64.9748       142.5159       315.8455

Info: Reading timestep from file.
Info: Updating unit cell from timestep.
Warning: Cell basis vectors should be specified before reading trajectory.
Info: REMOVING COM VELOCITY -0.108564 -0.682068 0.88405
TCL: Setting parameter firstTimestep to 6
TCL: Running for 0 steps
ENERGY:       6        18.7407        54.9771        34.2390         1.4050            -54.7507         3.4200         0.0000         0.0000        76.7668            134.7979       312.8003        58.0311       134.8447       312.8003

Info: Reading timestep from file.
Info: Updating unit cell from timestep.
Warning: Cell basis vectors should be specified before reading trajectory.
Info: REMOVING COM VELOCITY -0.108564 -0.682068 0.88405
TCL: Setting parameter firstTimestep to 7
TCL: Running for 0 steps
ENERGY:       7        21.2882        63.2933        39.2865         2.2760            -55.7408         2.2119         0.0000         0.0000        72.5628            145.1780       295.6701        72.6152       145.2030       295.6701

Info: Reading timestep from file.
Info: Updating unit cell from timestep.
Warning: Cell basis vectors should be specified before reading trajectory.
Info: REMOVING COM VELOCITY -0.108564 -0.682068 0.88405
TCL: Setting parameter firstTimestep to 8
TCL: Running for 0 steps
ENERGY:       8        19.9980        60.1291        39.6367         3.1485            -33.0812         2.2519         0.0000         0.0000        77.6646            169.7477       316.4584        92.0831       169.7700       316.4584

Info: Reading timestep from file.
Info: Updating unit cell from timestep.
Warning: Cell basis vectors should be specified before reading trajectory.
Info: REMOVING COM VELOCITY -0.108564 -0.682068 0.88405
TCL: Setting parameter firstTimestep to 9
TCL: Running for 0 steps
ENERGY:       9        17.9424        52.1855        38.0636         1.7994            -59.1719         3.5344         0.0000         0.0000        76.9237            131.2770       313.4396        54.3533       131.5010       313.4396

Info: Reading timestep from file.
Info: Updating unit cell from timestep.
Warning: Cell basis vectors should be specified before reading trajectory.
Info: REMOVING COM VELOCITY -0.108564 -0.682068 0.88405
TCL: Setting parameter firstTimestep to 10
TCL: Running for 0 steps
ETITLE:      TS           BOND          ANGLE          DIHED          IMPRP               ELECT            VDW       BOUNDARY           MISC        KINETIC               TOTAL           TEMP      POTENTIAL         TOTAL3        TEMPAVG

ENERGY:      10        12.0881        55.7071        37.7519         1.0550            -57.3304         7.5409         0.0000         0.0000        77.5580            134.3706       316.0239        56.8126       134.5720       316.0239

Info: Reading timestep from file.
Info: Updating unit cell from timestep.
Warning: Cell basis vectors should be specified before reading trajectory.
Info: REMOVING COM VELOCITY -0.108564 -0.682068 0.88405
TCL: Setting parameter firstTimestep to 11
TCL: Running for 0 steps
ENERGY:      11        19.2144        46.6469        39.4282         2.6052            -54.7815         4.8775         0.0000         0.0000        76.4978            134.4886       311.7042        57.9908       134.8383       311.7042

Info: Reading timestep from file.
Info: Updating unit cell from timestep.
Warning: Cell basis vectors should be specified before reading trajectory.
Info: REMOVING COM VELOCITY -0.108564 -0.682068 0.88405
TCL: Setting parameter firstTimestep to 12
TCL: Running for 0 steps
ENERGY:      12        19.0997        55.5874        36.9554         2.4907            -59.1350         1.4011         0.0000         0.0000        73.2124            129.6117       298.3170        56.3993       129.8886       298.3170

Info: Reading timestep from file.
Info: Updating unit cell from timestep.
Warning: Cell basis vectors should be specified before reading trajectory.
Info: REMOVING COM VELOCITY -0.108564 -0.682068 0.88405
TCL: Setting parameter firstTimestep to 13
TCL: Running for 0 steps
ENERGY:      13        16.7440        56.9233        33.5770         0.7590            -47.6352        10.0160         0.0000         0.0000        71.6978            142.0819       292.1457        70.3840       142.2599       292.1457

Info: Reading timestep from file.
Info: Updating unit cell from timestep.
Warning: Cell basis vectors should be specified before reading trajectory.
Info: REMOVING COM VELOCITY -0.108564 -0.682068 0.88405
TCL: Setting parameter firstTimestep to 14
TCL: Running for 0 steps
ENERGY:      14        17.7760        64.8772        37.6386         1.1208            -53.6811         8.0239         0.0000         0.0000        77.3637            153.1192       315.2322        75.7555       153.0443       315.2322

Info: Reading timestep from file.
Info: Updating unit cell from timestep.
Warning: Cell basis vectors should be specified before reading trajectory.
Info: REMOVING COM VELOCITY -0.108564 -0.682068 0.88405
TCL: Setting parameter firstTimestep to 15
TCL: Running for 0 steps
ENERGY:      15        17.6011        53.9895        41.7578         1.7115            -54.2787         6.3631         0.0000         0.0000        74.4927            141.6370       303.5338        67.1444       141.8334       303.5338

Info: Reading timestep from file.
Info: Updating unit cell from timestep.
Warning: Cell basis vectors should be specified before reading trajectory.
Info: REMOVING COM VELOCITY -0.108564 -0.682068 0.88405
TCL: Setting parameter firstTimestep to 16
TCL: Running for 0 steps
ENERGY:      16        15.7368        53.3352        36.4194         1.0735            -53.6099         6.5876         0.0000         0.0000        77.6859            137.2286       316.5452        59.5426       137.4778       316.5452

Info: Reading timestep from file.
Info: Updating unit cell from timestep.
Warning: Cell basis vectors should be specified before reading trajectory.
Info: REMOVING COM VELOCITY -0.108564 -0.682068 0.88405
TCL: Setting parameter firstTimestep to 17
TCL: Running for 0 steps
ENERGY:      17        18.1209        44.7458        36.1042         0.1924            -53.8812        10.8001         0.0000         0.0000        75.6088            131.6909       308.0814        56.0821       131.9978       308.0814

Info: Reading timestep from file.
Info: Updating unit cell from timestep.
Warning: Cell basis vectors should be specified before reading trajectory.
Info: REMOVING COM VELOCITY -0.108564 -0.682068 0.88405
TCL: Setting parameter firstTimestep to 18
TCL: Running for 0 steps
ENERGY:      18        19.1165        56.8831        34.8749         1.8609            -58.3270         2.3828         0.0000         0.0000        74.0961            130.8874       301.9180        56.7912       131.0926       301.9180

Info: Reading timestep from file.
Info: Updating unit cell from timestep.
Warning: Cell basis vectors should be specified before reading trajectory.
Info: REMOVING COM VELOCITY -0.108564 -0.682068 0.88405
TCL: Setting parameter firstTimestep to 19
TCL: Running for 0 steps
ENERGY:      19        19.4659        51.0981        39.4344         1.1585            -56.2826         5.1670         0.0000         0.0000        80.3020            140.3433       327.2050        60.0413       140.4878       327.2050

LDB: ============= START OF LOAD BALANCING ============== 0.344523
LDB: ============== END OF LOAD BALANCING =============== 0.344574
Info: useSync: 0 useProxySync: 0
LDB: =============== DONE WITH MIGRATION ================ 0.345145
Info: Reading timestep from file.
Info: Updating unit cell from timestep.
Warning: Cell basis vectors should be specified before reading trajectory.
Info: REMOVING COM VELOCITY -0.108564 -0.682068 0.88405
TCL: Setting parameter firstTimestep to 20
TCL: Running for 0 steps
ETITLE:      TS           BOND          ANGLE          DIHED          IMPRP               ELECT            VDW       BOUNDARY           MISC        KINETIC               TOTAL           TEMP      POTENTIAL         TOTAL3        TEMPAVG

ENERGY:      20        22.1148        54.2819        37.4948         3.1863            -53.7873         6.6838         0.0000         0.0000        78.4379            148.4122       319.6092        69.9743       148.5123       319.6092

Info: Reading timestep from file.
Info: Updating unit cell from timestep.
Warning: Cell basis vectors should be specified before reading trajectory.
Info: REMOVING COM VELOCITY -0.108564 -0.682068 0.88405
TCL: Setting parameter firstTimestep to 21
TCL: Running for 0 steps
ENERGY:      21        20.4794        55.7146        40.6415         1.7225            -60.1942         5.8943         0.0000         0.0000        76.8089            141.0668       312.9717        64.2579       141.2579       312.9717

Info: Reading timestep from file.
Info: Updating unit cell from timestep.
Warning: Cell basis vectors should be specified before reading trajectory.
Info: REMOVING COM VELOCITY -0.108564 -0.682068 0.88405
TCL: Setting parameter firstTimestep to 22
TCL: Running for 0 steps
ENERGY:      22        12.1366        57.8583        32.1462         0.2435            -58.2077         7.6267         0.0000         0.0000        79.6197            131.4232       324.4246        51.8036       131.5879       324.4246

Info: Reading timestep from file.
Info: Updating unit cell from timestep.
Warning: Cell basis vectors should be specified before reading trajectory.
Info: REMOVING COM VELOCITY -0.108564 -0.682068 0.88405
TCL: Setting parameter firstTimestep to 23
TCL: Running for 0 steps
ENERGY:      23        16.7250        55.4600        37.1995         1.2797            -53.9964         3.4941         0.0000         0.0000        80.0528            140.2146       326.1896        60.1618       140.3582       326.1896

Info: Reading timestep from file.
Info: Updating unit cell from timestep.
Warning: Cell basis vectors should be specified before reading trajectory.
Info: REMOVING COM VELOCITY -0.108564 -0.682068 0.88405
TCL: Setting parameter firstTimestep to 24
TCL: Running for 0 steps
ENERGY:      24        22.7942        57.4094        38.9852         0.9510            -55.7873         5.4285         0.0000         0.0000        76.9393            146.7203       313.5030        69.7810       146.8863       313.5030

Info: Closing coordinate file.
WRITING EXTENDED SYSTEM TO OUTPUT FILE AT STEP 24
WRITING COORDINATES TO OUTPUT FILE AT STEP 24
The last position output (seq=-2) takes 0.000 seconds, 210.328 MB of memory in use
WRITING VELOCITIES TO OUTPUT FILE AT STEP 24
The last velocity output (seq=-2) takes 0.000 seconds, 210.328 MB of memory in use
====================================================

WallClock: 0.357309  CPUTime: 0.355643  Memory: 210.328125 MB
[Partition 0][Node 0] End of program
